
Showing logs for build [32msdoxsee-myhipster-master-releas-nmdsd-8[0m stage [32mfrom-build-pack[0m and container [32mstep-credential-initializer-86lzj[0m
{"level":"warn","ts":1573587510.7068279,"logger":"fallback-logger","caller":"logging/config.go:69","msg":"Fetch GitHub commit ID from kodata failed: \"ref: refs/heads/master\" is not a valid GitHub commit ID"}
{"level":"info","ts":1573587510.7079213,"logger":"fallback-logger","caller":"creds-init/main.go:40","msg":"Credentials initialized."}

Showing logs for build [32msdoxsee-myhipster-master-releas-nmdsd-8[0m stage [32mfrom-build-pack[0m and container [32mstep-working-dir-initializer-z4s7d[0m
{"level":"warn","ts":1573587512.0876558,"logger":"fallback-logger","caller":"logging/config.go:69","msg":"Fetch GitHub commit ID from kodata failed: open /var/run/ko/HEAD: no such file or directory"}
{"level":"info","ts":1573587512.0910118,"logger":"fallback-logger","caller":"bash/main.go:65","msg":"Successfully executed command \"mkdir -p /workspace/source\""}

Showing logs for build [32msdoxsee-myhipster-master-releas-nmdsd-8[0m stage [32mfrom-build-pack[0m and container [32mstep-place-tools[0m

Showing logs for build [32msdoxsee-myhipster-master-releas-nmdsd-8[0m stage [32mfrom-build-pack[0m and container [32mstep-git-source-sdoxsee-myhipster-master-releas-9vctf[0m
{"level":"warn","ts":1573587520.2027378,"logger":"fallback-logger","caller":"logging/config.go:69","msg":"Fetch GitHub commit ID from kodata failed: \"ref: refs/heads/master\" is not a valid GitHub commit ID"}
{"level":"info","ts":1573587520.7001612,"logger":"fallback-logger","caller":"git/git.go:102","msg":"Successfully cloned https://github.com/*******/myhipster.git @ v0.0.8 in path /workspace/source"}

Showing logs for build [32msdoxsee-myhipster-master-releas-nmdsd-8[0m stage [32mfrom-build-pack[0m and container [32mstep-git-merge[0m
Using SHAs from PULL_REFS=master:a8fa995216fadd806766072dd3ee5063c332fa0a
WARNING: no SHAs to merge, falling back to initial cloned commit

Showing logs for build [32msdoxsee-myhipster-master-releas-nmdsd-8[0m stage [32mfrom-build-pack[0m and container [32mstep-setup-jx-git-credentials[0m
Generated Git credentials file /workspace/xdg_config/git/credentials

Showing logs for build [32msdoxsee-myhipster-master-releas-nmdsd-8[0m stage [32mfrom-build-pack[0m and container [32mstep-build-mvn-deploy[0m
Picked up _JAVA_OPTIONS: -XX:+UnlockExperimentalVMOptions -XX:+UseCGroupMemoryLimitForHeap -Dsun.zip.disableMemoryMapping=true -XX:+UseParallelGC -XX:MinHeapFreeRatio=5 -XX:MaxHeapFreeRatio=10 -XX:GCTimeRatio=4 -XX:AdaptiveSizePolicyWeight=90 -Xms10m -Xmx192m
OpenJDK 64-Bit Server VM warning: If the number of processors is expected to increase from one, then you should configure the number of parallel GC threads appropriately using -XX:ParallelGCThreads=N
[INFO] Scanning for projects...
[INFO] 
[INFO] ----------------------< ca.simplestep:myhipster >-----------------------
[INFO] Building Myhipster 0.0.8
[INFO] --------------------------------[ jar ]---------------------------------
[INFO] 
[INFO] --- maven-clean-plugin:3.1.0:clean (default-clean) @ myhipster ---
[INFO] 
[INFO] --- maven-resources-plugin:3.1.0:copy-resources (default-resources) @ myhipster ---
[INFO] Using 'UTF-8' encoding to copy filtered resources.
[INFO] Copying 4 resources
[INFO] Copying 15 resources
[INFO] 
[INFO] --- maven-resources-plugin:3.1.0:resources (default-resources) @ myhipster ---
[INFO] Using 'UTF-8' encoding to copy filtered resources.
[INFO] Copying 4 resources
[INFO] Copying 15 resources
[INFO] 
[INFO] --- maven-enforcer-plugin:3.0.0-M2:enforce (enforce-versions) @ myhipster ---
[INFO] 
[INFO] --- maven-enforcer-plugin:3.0.0-M2:enforce (enforce-dependencyConvergence) @ myhipster ---
[WARNING] 
Dependency convergence error for org.apiguardian:apiguardian-api:1.0.0 paths to dependency are:
+-ca.simplestep:myhipster:0.0.8
  +-org.junit.jupiter:junit-jupiter-engine:5.3.2
    +-org.apiguardian:apiguardian-api:1.0.0
and
+-ca.simplestep:myhipster:0.0.8
  +-org.junit.jupiter:junit-jupiter-engine:5.3.2
    +-org.junit.platform:junit-platform-engine:1.3.2
      +-org.apiguardian:apiguardian-api:1.0.0
and
+-ca.simplestep:myhipster:0.0.8
  +-org.junit.jupiter:junit-jupiter-engine:5.3.2
    +-org.junit.platform:junit-platform-engine:1.3.2
      +-org.junit.platform:junit-platform-commons:1.3.2
        +-org.apiguardian:apiguardian-api:1.0.0
and
+-ca.simplestep:myhipster:0.0.8
  +-org.junit.jupiter:junit-jupiter-engine:5.3.2
    +-org.junit.jupiter:junit-jupiter-api:5.3.2
      +-org.apiguardian:apiguardian-api:1.0.0
and
+-ca.simplestep:myhipster:0.0.8
  +-org.zalando:problem-spring-web:0.25.0
    +-org.zalando:problem-violations:0.25.0
      +-org.apiguardian:apiguardian-api:1.0.0
and
+-ca.simplestep:myhipster:0.0.8
  +-org.zalando:problem-spring-web:0.25.0
    +-org.zalando:problem-spring-common:0.25.0
      +-org.apiguardian:apiguardian-api:1.1.0
and
+-ca.simplestep:myhipster:0.0.8
  +-org.zalando:problem-spring-web:0.25.0
    +-org.apiguardian:apiguardian-api:1.1.0
and
+-ca.simplestep:myhipster:0.0.8
  +-org.zalando:problem-spring-web:0.25.0
    +-org.zalando:problem:0.23.0
      +-org.apiguardian:apiguardian-api:1.0.0
and
+-ca.simplestep:myhipster:0.0.8
  +-org.zalando:problem-spring-web:0.25.0
    +-org.zalando:jackson-datatype-problem:0.23.0
      +-org.apiguardian:apiguardian-api:1.0.0
and
+-ca.simplestep:myhipster:0.0.8
  +-org.zalando:problem-spring-web:0.25.0
    +-org.zalando:faux-pas:0.8.0
      +-org.apiguardian:apiguardian-api:1.0.0

[WARNING] Rule 0: org.apache.maven.plugins.enforcer.DependencyConvergence failed with message:
Failed while enforcing releasability. See above detailed error message.
[INFO] 
[INFO] --- jacoco-maven-plugin:0.8.4:prepare-agent (pre-unit-tests) @ myhipster ---
[INFO] argLine set to -javaagent:/home/jenkins/.mvnrepository/org/jacoco/org.jacoco.agent/0.8.4/org.jacoco.agent-0.8.4-runtime.jar=destfile=/workspace/source/target/jacoco/test/test.exec -Djava.security.egd=file:/dev/./urandom -Xmx256m
[INFO] 
[INFO] --- properties-maven-plugin:1.0.0:read-project-properties (default) @ myhipster ---
[INFO] 
[INFO] --- frontend-maven-plugin:1.8.0:install-node-and-npm (install node and npm) @ myhipster ---
[INFO] Installing node version v10.16.3
[INFO] Downloading https://nodejs.org/dist/v10.16.3/node-v10.16.3-linux-x64.tar.gz to /home/jenkins/.mvnrepository/com/github/eirslett/node/10.16.3/node-10.16.3-linux-x64.tar.gz
[INFO] No proxies configured
[INFO] No proxy was configured, downloading directly
[INFO] Unpacking /home/jenkins/.mvnrepository/com/github/eirslett/node/10.16.3/node-10.16.3-linux-x64.tar.gz into /workspace/source/node/tmp
[INFO] Copying node binary from /workspace/source/node/tmp/node-v10.16.3-linux-x64/bin/node to /workspace/source/node/node
[INFO] Installed node locally.
[INFO] Installing npm version 6.11.3
[INFO] Downloading https://registry.npmjs.org/npm/-/npm-6.11.3.tgz to /home/jenkins/.mvnrepository/com/github/eirslett/npm/6.11.3/npm-6.11.3.tar.gz
[INFO] No proxies configured
[INFO] No proxy was configured, downloading directly
[INFO] Unpacking /home/jenkins/.mvnrepository/com/github/eirslett/npm/6.11.3/npm-6.11.3.tar.gz into /workspace/source/node/node_modules
[INFO] Installed npm locally.
[INFO] 
[INFO] --- frontend-maven-plugin:1.8.0:npm (npm install) @ myhipster ---
[INFO] Running 'npm install' in /workspace/source
[INFO] 
[INFO] > husky@3.0.4 install /workspace/source/node_modules/husky
[INFO] > node husky install
[INFO] 
[INFO] husky > Setting up git hooks
[INFO] CI detected, skipping Git hooks installation.
[INFO] husky > Done
[INFO] 
[INFO] > core-js@2.6.10 postinstall /workspace/source/node_modules/babel-runtime/node_modules/core-js
[INFO] > node postinstall || echo "ignore"
[INFO] 
[INFO] Thank you for using core-js ( https://github.com/zloirock/core-js ) for polyfilling JavaScript standard library!
[INFO] 
[INFO] The project needs your help! Please consider supporting of core-js on Open Collective or Patreon: 
[INFO] > https://opencollective.com/core-js 
[INFO] > https://www.patreon.com/zloirock 
[INFO] 
[INFO] Also, the author of core-js ( https://github.com/zloirock ) is looking for a good job -)
[INFO] 
[INFO] 
[INFO] > core-js@3.4.0 postinstall /workspace/source/node_modules/global-agent/node_modules/core-js
[INFO] > node postinstall || echo "ignore"
[INFO] 
[INFO] Thank you for using core-js ( https://github.com/zloirock/core-js ) for polyfilling JavaScript standard library!
[INFO] 
[INFO] The project needs your help! Please consider supporting of core-js on Open Collective or Patreon: 
[INFO] > https://opencollective.com/core-js 
[INFO] > https://www.patreon.com/zloirock 
[INFO] 
[INFO] Also, the author of core-js ( https://github.com/zloirock ) is looking for a good job -)
[INFO] 
[INFO] 
[INFO] > spawn-sync@1.0.15 postinstall /workspace/source/node_modules/spawn-sync
[INFO] > node postinstall
[INFO] 
[INFO] 
[INFO] > yo@3.1.0 postinstall /workspace/source/node_modules/yo
[INFO] > yodoctor
[INFO] 
[INFO] 
[INFO] Yeoman Doctor
[INFO] Running sanity checks on your system
[INFO] 
[INFO] âœ” No .bowerrc file in home directory
[INFO] âœ” Global configuration file is valid
[INFO] âœ” NODE_PATH matches the npm root
[INFO] âœ” No .yo-rc.json file in home directory
[INFO] âœ” Node.js version
[INFO] âœ” npm version
[INFO] âœ” yo version
[INFO] 
[INFO] Everything looks all right!
[INFO] 
[INFO] > @angular/cli@8.3.1 postinstall /workspace/source/node_modules/@angular/cli
[INFO] > node ./bin/postinstall/script.js
[INFO] 
[INFO] 
[INFO] > core-js@3.2.1 postinstall /workspace/source/node_modules/core-js
[INFO] > node scripts/postinstall || echo "ignore"
[INFO] 
[INFO] Thank you for using core-js ( https://github.com/zloirock/core-js ) for polyfilling JavaScript standard library!
[INFO] 
[INFO] The project needs your help! Please consider supporting of core-js on Open Collective or Patreon: 
[INFO] > https://opencollective.com/core-js 
[INFO] > https://www.patreon.com/zloirock 
[INFO] 
[INFO] Also, the author of core-js ( https://github.com/zloirock ) is looking for a good job -)
[INFO] 
[INFO] 
[INFO] > husky@3.0.4 postinstall /workspace/source/node_modules/husky
[INFO] > opencollective-postinstall || true
[INFO] 
[INFO] Thank you for using husky!
[INFO] If you rely on this package, please consider supporting our open collective:
[INFO] > https://opencollective.com/husky/donate
[INFO] 
[INFO] 
[INFO] > ngx-infinite-scroll@8.0.0 postinstall /workspace/source/node_modules/ngx-infinite-scroll
[INFO] > opencollective-postinstall
[INFO] 
[INFO] Thank you for using ngx-infinite-scroll!
[INFO] If you rely on this package, please consider supporting our open collective:
[INFO] > https://opencollective.com/ngx-infinite-scroll/donate
[INFO] 
[INFO] npm WARN optional SKIPPING OPTIONAL DEPENDENCY: fsevents@1.2.9 (node_modules/fsevents):
[INFO] npm WARN notsup SKIPPING OPTIONAL DEPENDENCY: Unsupported platform for fsevents@1.2.9: wanted {"os":"darwin","arch":"any"} (current: {"os":"linux","arch":"x64"})
[INFO] 
[INFO] added 2213 packages from 1050 contributors and audited 909582 packages in 89.75s
[INFO] found 3 moderate severity vulnerabilities
[INFO]   run `npm audit fix` to fix them, or `npm audit` for details
[INFO] 
[INFO] --- frontend-maven-plugin:1.8.0:npm (webpack build dev) @ myhipster ---
[INFO] npm not inheriting proxy config from Maven
[INFO] Running 'npm run webpack:build' in /workspace/source
[INFO] 
[INFO] > myhipster@0.0.1-SNAPSHOT webpack:build /workspace/source
[INFO] > npm run cleanup && npm run webpack:build:main
[INFO] 
[INFO] 
[INFO] > myhipster@0.0.1-SNAPSHOT cleanup /workspace/source
[INFO] > rimraf target/classes/static/ target/classes/aot
[INFO] 
[INFO] 
[INFO] > myhipster@0.0.1-SNAPSHOT webpack:build:main /workspace/source
[INFO] > npm run webpack -- --config webpack/webpack.dev.js --env.stats=minimal
[INFO] 
[INFO] 
[INFO] > myhipster@0.0.1-SNAPSHOT webpack /workspace/source
[INFO] > node --max_old_space_size=4096 node_modules/webpack/bin/webpack.js "--config" "webpack/webpack.dev.js" "--env.stats=minimal"
[INFO] 
[INFO] Webpack: Starting ...
[INFO] Starting type checking service...
[INFO] Using 1 worker with 2048MB memory limit
[INFO] [GWebpack: Starting ...
[INFO] 
[INFO]    â¯ Compile modules
[INFO] [GWebpack: Starting ...
[INFO] 
[INFO]    âœ” Compile modules
[INFO]    â¯ Build modules (0%)
[INFO]      â†’ 0 of 0 modules :: 
[INFO] [GWebpack: Starting ...
[INFO] 
[INFO]    âœ” Compile modules
[INFO]    â¯ Build modules (0%)
[INFO]      â†’ 0 of 0 modules :: 
[INFO] [GWebpack: Starting ...
[INFO] 
[INFO]    âœ” Compile modules
[INFO]    â¯ Build modules (0%)
[INFO]      â†’ 0 of 0 modules :: 
[INFO] [GWebpack: Starting ...
[INFO] 
[INFO]    âœ” Compile modules
[INFO]    â¯ Build modules (0%)
[INFO]      â†’ 0 of 1 modules :: src/main/webapp/content/scss/global.scss ~ internal
[INFO] [GWebpack: Starting ...
[INFO] 
[INFO]    âœ” Compile modules
[INFO]    â¯ Build modules (0%)
[INFO]      â†’ 1 of 1 modules :: 
[INFO] [GWebpack: Starting ...
[INFO] 
[INFO]    âœ” Compile modules
[INFO]    â¯ Build modules (0%)
[INFO]      â†’ 1 of 2 modules :: src/main/webapp/content/scss/global.scss ~ internal
[INFO] [GWebpack: Starting ...
[INFO] 
[INFO]    âœ” Compile modules
[INFO]    â¯ Build modules (0%)
[INFO]      â†’ 1 of 3 modules :: src/main/webapp/app/polyfills.ts ~ internal
[INFO] [GWebpack: Starting ...
[INFO] 
[INFO]    âœ” Compile modules
[INFO]    â¯ Build modules (0%)
[INFO]      â†’ 1 of 4 modules :: src/main/webapp/app/app.main.ts ~ internal
[INFO] [GWebpack: Starting ...
[INFO] 
[INFO]    âœ” Compile modules
[INFO]    â¯ Build modules (0%)
[INFO]      â†’ 1 of 5 modules :: node_modules/style-loader/dist/runtime/injectStylesInto
[INFO] StyleTag.js ~ external
[INFO] [GWebpack: Starting ...
[INFO] 
[INFO]    âœ” Compile modules
[INFO]    â¯ Build modules (0%)
[INFO]      â†’ 2 of 5 modules :: src/main/webapp/app/app.main.ts ~ internal
[INFO] [GWebpack: Starting ...
[INFO] 
[INFO]    âœ” Compile modules
[INFO]    â¯ Build modules (1%)
[INFO]      â†’ 3 of 5 modules :: src/main/webapp/app/app.main.ts ~ internal
[INFO] [GWebpack: Starting ...
[INFO] 
[INFO]    âœ” Compile modules
[INFO]    â¯ Build modules (1%)
[INFO]      â†’ 3 of 6 modules :: node_modules/css-loader/dist/runtime/api.js ~ external
[INFO] [GWebpack: Starting ...
[INFO] 
[INFO]    âœ” Compile modules
[INFO]    â¯ Build modules (1%)
[INFO]      â†’ 4 of 6 modules :: src/main/webapp/app/app.main.ts ~ internal
[INFO] [GWebpack: Starting ...
[INFO] 
[INFO]    âœ” Compile modules
[INFO]    â¯ Build modules (33%)
[INFO]      â†’ 4 of 6 modules :: src/main/webapp/app/app.main.ts ~ internal
[INFO] [GWebpack: Starting ...
[INFO] 
[INFO]    âœ” Compile modules
[INFO]    â¯ Build modules (33%)
[INFO]      â†’ 5 of 6 modules :: src/main/webapp/app/app.main.ts ~ internal
[INFO] [GWebpack: Starting ...
[INFO] 
[INFO]    âœ” Compile modules
[INFO]    â¯ Build modules (33%)
[INFO]      â†’ 5 of 7 modules :: node_modules/core-js/proposals/reflect-metadata.js ~ ex
[INFO] ternal
[INFO] [GWebpack: Starting ...
[INFO] 
[INFO]    âœ” Compile modules
[INFO]    â¯ Build modules (33%)
[INFO]      â†’ 5 of 8 modules :: src/main/webapp/manifest.webapp ~ internal
[INFO] [GWebpack: Starting ...
[INFO] 
[INFO]    âœ” Compile modules
[INFO]    â¯ Build modules (33%)
[INFO]      â†’ 6 of 8 modules :: src/main/webapp/manifest.webapp ~ internal
[INFO] [GWebpack: Starting ...
[INFO] 
[INFO]    âœ” Compile modules
[INFO]    â¯ Build modules (33%)
[INFO]      â†’ 7 of 8 modules :: src/main/webapp/app/app.main.ts ~ internal
[INFO] [GWebpack: Starting ...
[INFO] 
[INFO]    âœ” Compile modules
[INFO]    â¯ Build modules (33%)
[INFO]      â†’ 7 of 9 modules :: node_modules/zone.js/dist/zone.js ~ external
[INFO] [GWebpack: Starting ...
[INFO] 
[INFO]    âœ” Compile modules
[INFO]    â¯ Build modules (33%)
[INFO]      â†’ 7 of 10 modules :: node_modules/core-js/modules/esnext.reflect.define-met
[INFO] adata.js ~ external
[INFO] [GWebpack: Starting ...
[INFO] 
[INFO]    âœ” Compile modules
[INFO]    â¯ Build modules (33%)
[INFO]      â†’ 7 of 11 modules :: node_modules/core-js/modules/esnext.reflect.delete-met
[INFO] adata.js ~ external
[INFO] [GWebpack: Starting ...
[INFO] 
[INFO]    âœ” Compile modules
[INFO]    â¯ Build modules (33%)
[INFO]      â†’ 7 of 12 modules :: node_modules/core-js/modules/esnext.reflect.get-metada
[INFO] ta.js ~ external
[INFO] [GWebpack: Starting ...
[INFO] 
[INFO]    âœ” Compile modules
[INFO]    â¯ Build modules (33%)
[INFO]      â†’ 7 of 13 modules :: node_modules/core-js/modules/esnext.reflect.get-metada
[INFO] ta-keys.js ~ external
[INFO] [GWebpack: Starting ...
[INFO] 
[INFO]    âœ” Compile modules
[INFO]    â¯ Build modules (33%)
[INFO]      â†’ 7 of 14 modules :: node_modules/core-js/modules/esnext.reflect.get-own-me
[INFO] tadata.js ~ external
[INFO] [GWebpack: Starting ...
[INFO] 
[INFO]    âœ” Compile modules
[INFO]    â¯ Build modules (33%)
[INFO]      â†’ 7 of 15 modules :: node_modules/core-js/modules/esnext.reflect.get-own-me
[INFO] tadata-keys.js ~ external
[INFO] [GWebpack: Starting ...
[INFO] 
[INFO]    âœ” Compile modules
[INFO]    â¯ Build modules (33%)
[INFO]      â†’ 7 of 16 modules :: node_modules/core-js/modules/esnext.reflect.has-metada
[INFO] ta.js ~ external
[INFO] [GWebpack: Starting ...
[INFO] 
[INFO]    âœ” Compile modules
[INFO]    â¯ Build modules (33%)
[INFO]      â†’ 7 of 17 modules :: node_modules/core-js/modules/esnext.reflect.has-own-me
[INFO] tadata.js ~ external
[INFO] [GWebpack: Starting ...
[INFO] 
[INFO]    âœ” Compile modules
[INFO]    â¯ Build modules (33%)
[INFO]      â†’ 7 of 18 modules :: node_modules/core-js/modules/esnext.reflect.metadata.j
[INFO] s ~ external
[INFO] [GWebpack: Starting ...
[INFO] 
[INFO]    âœ” Compile modules
[INFO]    â¯ Build modules (33%)
[INFO]      â†’ 8 of 18 modules :: node_modules/core-js/modules/esnext.reflect.metadata.j
[INFO] s ~ external
[INFO] [GWebpack: Starting ...
[INFO] 
[INFO]    âœ” Compile modules
[INFO]    â¯ Build modules (33%)
[INFO]      â†’ 9 of 18 modules :: node_modules/core-js/modules/esnext.reflect.metadata.j
[INFO] s ~ external
[INFO] [GWebpack: Starting ...
[INFO] 
[INFO]    âœ” Compile modules
[INFO]    â¯ Build modules (33%)
[INFO]      â†’ 10 of 18 modules :: node_modules/core-js/modules/esnext.reflect.metadata.
[INFO] js ~ external
[INFO] [GWebpack: Starting ...
[INFO] 
[INFO]    âœ” Compile modules
[INFO]    â¯ Build modules (33%)
[INFO]      â†’ 11 of 18 modules :: node_modules/core-js/modules/esnext.reflect.metadata.
[INFO] js ~ external
[INFO] [GWebpack: Starting ...
[INFO] 
[INFO]    âœ” Compile modules
[INFO]    â¯ Build modules (33%)
[INFO]      â†’ 12 of 18 modules :: node_modules/core-js/modules/esnext.reflect.metadata.
[INFO] js ~ external
[INFO] [GWebpack: Starting ...
[INFO] 
[INFO]    âœ” Compile modules
[INFO]    â¯ Build modules (33%)
[INFO]      â†’ 13 of 18 modules :: node_modules/core-js/modules/esnext.reflect.metadata.
[INFO] js ~ external
[INFO] [GWebpack: Starting ...
[INFO] 
[INFO]    âœ” Compile modules
[INFO]    â¯ Build modules (33%)
[INFO]      â†’ 14 of 18 modules :: node_modules/core-js/modules/esnext.reflect.metadata.
[INFO] js ~ external
[INFO] [GWebpack: Starting ...
[INFO] 
[INFO]    âœ” Compile modules
[INFO]    â¯ Build modules (33%)
[INFO]      â†’ 15 of 18 modules :: node_modules/core-js/modules/esnext.reflect.has-own-m
[INFO] etadata.js ~ external
[INFO] [GWebpack: Starting ...
[INFO] 
[INFO]    âœ” Compile modules
[INFO]    â¯ Build modules (33%)
[INFO]      â†’ 16 of 18 modules :: node_modules/zone.js/dist/zone.js ~ external
[INFO] [GWebpack: Starting ...
[INFO] 
[INFO]    âœ” Compile modules
[INFO]    â¯ Build modules (33%)
[INFO]      â†’ 17 of 18 modules :: node_modules/zone.js/dist/zone.js ~ external
[INFO] [GWebpack: Starting ...
[INFO] 
[INFO]    âœ” Compile modules
[INFO]    â¯ Build modules (33%)
[INFO]      â†’ 17 of 19 modules :: node_modules/core-js/modules/es.set.js ~ external
[INFO] [GWebpack: Starting ...
[INFO] 
[INFO]    âœ” Compile modules
[INFO]    â¯ Build modules (33%)
[INFO]      â†’ 17 of 20 modules :: node_modules/core-js/internals/export.js ~ external
[INFO] [GWebpack: Starting ...
[INFO] 
[INFO]    âœ” Compile modules
[INFO]    â¯ Build modules (33%)
[INFO]      â†’ 17 of 21 modules :: node_modules/core-js/internals/reflect-metadata.js ~ 
[INFO] external
[INFO] [GWebpack: Starting ...
[INFO] 
[INFO]    âœ” Compile modules
[INFO]    â¯ Build modules (33%)
[INFO]      â†’ 17 of 22 modules :: node_modules/core-js/internals/an-object.js ~ externa
[INFO] l
[INFO] [GWebpack: Starting ...
[INFO] 
[INFO]    âœ” Compile modules
[INFO]    â¯ Build modules (33%)
[INFO]      â†’ 17 of 23 modules :: node_modules/core-js/internals/object-get-prototype-o
[INFO] f.js ~ external
[INFO] [GWebpack: Starting ...
[INFO] 
[INFO]    âœ” Compile modules
[INFO]    â¯ Build modules (33%)
[INFO]      â†’ 17 of 24 modules :: node_modules/core-js/internals/iterate.js ~ external
[INFO] [GWebpack: Starting ...
[INFO] 
[INFO]    âœ” Compile modules
[INFO]    â¯ Build modules (33%)
[INFO]      â†’ 17 of 25 modules :: src/main/webapp/app/app.module.ts ~ internal
[INFO] [GWebpack: Starting ...
[INFO] 
[INFO]    âœ” Compile modules
[INFO]    â¯ Build modules (33%)
[INFO]      â†’ 17 of 26 modules :: src/main/webapp/app/blocks/config/prod.config.ts ~ in
[INFO] ternal
[INFO] [GWebpack: Starting ...
[INFO] 
[INFO]    âœ” Compile modules
[INFO]    â¯ Build modules (33%)
[INFO]      â†’ 18 of 26 modules :: src/main/webapp/app/blocks/config/prod.config.ts ~ in
[INFO] ternal
[INFO] [GWebpack: Starting ...
[INFO] 
[INFO]    âœ” Compile modules
[INFO]    â¯ Build modules (33%)
[INFO]      â†’ 19 of 26 modules :: src/main/webapp/app/blocks/config/prod.config.ts ~ in
[INFO] ternal
[INFO] [GWebpack: Starting ...
[INFO] 
[INFO]    âœ” Compile modules
[INFO]    â¯ Build modules (33%)
[INFO]      â†’ 20 of 26 modules :: src/main/webapp/app/blocks/config/prod.config.ts ~ in
[INFO] ternal
[INFO] [GWebpack: Starting ...
[INFO] 
[INFO]    âœ” Compile modules
[INFO]    â¯ Build modules (33%)
[INFO]      â†’ 21 of 26 modules :: src/main/webapp/app/blocks/config/prod.config.ts ~ in
[INFO] ternal
[INFO] [GWebpack: Starting ...
[INFO] 
[INFO]    âœ” Compile modules
[INFO]    â¯ Build modules (33%)
[INFO]      â†’ 22 of 26 modules :: src/main/webapp/app/blocks/config/prod.config.ts ~ in
[INFO] ternal
[INFO] [GWebpack: Starting ...
[INFO] 
[INFO]    âœ” Compile modules
[INFO]    â¯ Build modules (33%)
[INFO]      â†’ 23 of 26 modules :: src/main/webapp/app/blocks/config/prod.config.ts ~ in
[INFO] ternal
[INFO] [GWebpack: Starting ...
[INFO] 
[INFO]    âœ” Compile modules
[INFO]    â¯ Build modules (33%)
[INFO]      â†’ 23 of 27 modules :: node_modules/core-js/internals/collection.js ~ extern
[INFO] al
[INFO] [GWebpack: Starting ...
[INFO] 
[INFO]    âœ” Compile modules
[INFO]    â¯ Build modules (33%)
[INFO]      â†’ 23 of 28 modules :: node_modules/core-js/internals/collection-strong.js ~
[INFO]  external
[INFO] [GWebpack: Starting ...
[INFO] 
[INFO]    âœ” Compile modules
[INFO]    â¯ Build modules (33%)
[INFO]      â†’ 23 of 29 modules :: node_modules/core-js/internals/global.js ~ external
[INFO] [GWebpack: Starting ...
[INFO] 
[INFO]    âœ” Compile modules
[INFO]    â¯ Build modules (33%)
[INFO]      â†’ 23 of 30 modules :: node_modules/core-js/internals/object-get-own-propert
[INFO] y-descriptor.js ~ external
[INFO] [GWebpack: Starting ...
[INFO] 
[INFO]    âœ” Compile modules
[INFO]    â¯ Build modules (33%)
[INFO]      â†’ 23 of 31 modules :: node_modules/core-js/internals/hide.js ~ external
[INFO] [GWebpack: Starting ...
[INFO] 
[INFO]    âœ” Compile modules
[INFO]    â¯ Build modules (33%)
[INFO]      â†’ 23 of 32 modules :: node_modules/core-js/internals/redefine.js ~ external
[INFO] [GWebpack: Starting ...
[INFO] 
[INFO]    âœ” Compile modules
[INFO]    â¯ Build modules (33%)
[INFO]      â†’ 23 of 33 modules :: node_modules/core-js/internals/set-global.js ~ extern
[INFO] al
[INFO] [GWebpack: Starting ...
[INFO] 
[INFO]    âœ” Compile modules
[INFO]    â¯ Build modules (33%)
[INFO]      â†’ 23 of 34 modules :: node_modules/core-js/internals/copy-constructor-prope
[INFO] rties.js ~ external
[INFO] [GWebpack: Starting ...
[INFO] 
[INFO]    âœ” Compile modules
[INFO]    â¯ Build modules (33%)
[INFO]      â†’ 23 of 35 modules :: node_modules/core-js/internals/is-forced.js ~ externa
[INFO] l
[INFO] [GWebpack: Starting ...
[INFO] 
[INFO]    âœ” Compile modules
[INFO]    â¯ Build modules (33%)
[INFO]      â†’ 23 of 36 modules :: node_modules/core-js/modules/es.map.js ~ external
[INFO] [GWebpack: Starting ...
[INFO] 
[INFO]    âœ” Compile modules
[INFO]    â¯ Build modules (33%)
[INFO]      â†’ 23 of 37 modules :: node_modules/core-js/modules/es.weak-map.js ~ externa
[INFO] l
[INFO] [GWebpack: Starting ...
[INFO] 
[INFO]    âœ” Compile modules
[INFO]    â¯ Build modules (33%)
[INFO]      â†’ 23 of 38 modules :: node_modules/core-js/internals/shared.js ~ external
[INFO] [GWebpack: Starting ...
[INFO] 
[INFO]    âœ” Compile modules
[INFO]    â¯ Build modules (33%)
[INFO]      â†’ 23 of 39 modules :: 
[INFO] node_modules/@angular/platform-browser-dynamic/fesm2015/platform-browser-dynamic
[INFO] .js ~ external
[INFO] [GWebpack: Starting ...
[INFO] 
[INFO]    âœ” Compile modules
[INFO]    â¯ Build modules (33%)
[INFO]      â†’ 23 of 40 modules :: node_modules/core-js/internals/is-object.js ~ externa
[INFO] l
[INFO] [GWebpack: Starting ...
[INFO] 
[INFO]    âœ” Compile modules
[INFO]    â¯ Build modules (33%)
[INFO]      â†’ 23 of 41 modules :: node_modules/core-js/internals/has.js ~ external
[INFO] [GWebpack: Starting ...
[INFO] 
[INFO]    âœ” Compile modules
[INFO]    â¯ Build modules (33%)
[INFO]      â†’ 23 of 42 modules :: node_modules/core-js/internals/to-object.js ~ externa
[INFO] l
[INFO] [GWebpack: Starting ...
[INFO] 
[INFO]    âœ” Compile modules
[INFO]    â¯ Build modules (33%)
[INFO]      â†’ 23 of 43 modules :: node_modules/core-js/internals/shared-key.js ~ extern
[INFO] al
[INFO] [GWebpack: Starting ...
[INFO] 
[INFO]    âœ” Compile modules
[INFO]    â¯ Build modules (33%)
[INFO]      â†’ 23 of 44 modules :: node_modules/core-js/internals/correct-prototype-gett
[INFO] er.js ~ external
[INFO] [GWebpack: Starting ...
[INFO] 
[INFO]    âœ” Compile modules
[INFO]    â¯ Build modules (33%)
[INFO]      â†’ 23 of 45 modules :: node_modules/core-js/internals/is-array-iterator-meth
[INFO] od.js ~ external
[INFO] [GWebpack: Starting ...
[INFO] 
[INFO]    âœ” Compile modules
[INFO]    â¯ Build modules (33%)
[INFO]      â†’ 23 of 46 modules :: node_modules/core-js/internals/to-length.js ~ externa
[INFO] l
[INFO] [GWebpack: Starting ...
[INFO] 
[INFO]    âœ” Compile modules
[INFO]    â¯ Build modules (33%)
[INFO]      â†’ 23 of 47 modules :: node_modules/core-js/internals/bind-context.js ~ exte
[INFO] rnal
[INFO] [GWebpack: Starting ...
[INFO] 
[INFO]    âœ” Compile modules
[INFO]    â¯ Build modules (33%)
[INFO]      â†’ 23 of 48 modules :: node_modules/core-js/internals/get-iterator-method.js
[INFO]  ~ external
[INFO] [GWebpack: Starting ...
[INFO] 
[INFO]    âœ” Compile modules
[INFO]    â¯ Build modules (33%)
[INFO]      â†’ 23 of 49 modules :: node_modules/core-js/internals/call-with-safe-iterati
[INFO] on-closing.js ~ external
[INFO] [GWebpack: Starting ...
[INFO] 
[INFO]    âœ” Compile modules
[INFO]    â¯ Build modules (33%)
[INFO]      â†’ 24 of 49 modules :: node_modules/core-js/internals/call-with-safe-iterati
[INFO] on-closing.js ~ external
[INFO] [GWebpack: Starting ...
[INFO] 
[INFO]    âœ” Compile modules
[INFO]    â¯ Build modules (33%)
[INFO]      â†’ 24 of 50 modules :: node_modules/webpack/buildin/global.js ~ external
[INFO] [GWebpack: Starting ...
[INFO] 
[INFO]    âœ” Compile modules
[INFO]    â¯ Build modules (33%)
[INFO]      â†’ 25 of 50 modules :: node_modules/core-js/internals/call-with-safe-iterati
[INFO] on-closing.js ~ external
[INFO] [GWebpack: Starting ...
[INFO] 
[INFO]    âœ” Compile modules
[INFO]    â¯ Build modules (33%)
[INFO]      â†’ 26 of 50 modules :: node_modules/core-js/internals/call-with-safe-iterati
[INFO] on-closing.js ~ external
[INFO] [GWebpack: Starting ...
[INFO] 
[INFO]    âœ” Compile modules
[INFO]    â¯ Build modules (33%)
[INFO]      â†’ 27 of 50 modules :: node_modules/core-js/internals/call-with-safe-iterati
[INFO] on-closing.js ~ external
[INFO] [GWebpack: Starting ...
[INFO] 
[INFO]    âœ” Compile modules
[INFO]    â¯ Build modules (33%)
[INFO]      â†’ 28 of 50 modules :: node_modules/core-js/internals/call-with-safe-iterati
[INFO] on-closing.js ~ external
[INFO] [GWebpack: Starting ...
[INFO] 
[INFO]    âœ” Compile modules
[INFO]    â¯ Build modules (33%)
[INFO]      â†’ 29 of 50 modules :: node_modules/core-js/internals/call-with-safe-iterati
[INFO] on-closing.js ~ external
[INFO] [GWebpack: Starting ...
[INFO] 
[INFO]    âœ” Compile modules
[INFO]    â¯ Build modules (33%)
[INFO]      â†’ 30 of 50 modules :: node_modules/core-js/internals/call-with-safe-iterati
[INFO] on-closing.js ~ external
[INFO] [GWebpack: Starting ...
[INFO] 
[INFO]    âœ” Compile modules
[INFO]    â¯ Build modules (33%)
[INFO]      â†’ 31 of 50 modules :: node_modules/core-js/internals/call-with-safe-iterati
[INFO] on-closing.js ~ external
[INFO] [GWebpack: Starting ...
[INFO] 
[INFO]    âœ” Compile modules
[INFO]    â¯ Build modules (33%)
[INFO]      â†’ 32 of 50 modules :: node_modules/core-js/internals/call-with-safe-iterati
[INFO] on-closing.js ~ external
[INFO] [GWebpack: Starting ...
[INFO] 
[INFO]    âœ” Compile modules
[INFO]    â¯ Build modules (33%)
[INFO]      â†’ 33 of 50 modules :: node_modules/core-js/internals/call-with-safe-iterati
[INFO] on-closing.js ~ external
[INFO] [GWebpack: Starting ...
[INFO] 
[INFO]    âœ” Compile modules
[INFO]    â¯ Build modules (33%)
[INFO]      â†’ 34 of 50 modules :: node_modules/core-js/internals/call-with-safe-iterati
[INFO] on-closing.js ~ external
[INFO] [GWebpack: Starting ...
[INFO] 
[INFO]    âœ” Compile modules
[INFO]    â¯ Build modules (33%)
[INFO]      â†’ 35 of 50 modules :: node_modules/core-js/internals/call-with-safe-iterati
[INFO] on-closing.js ~ external
[INFO] [GWebpack: Starting ...
[INFO] 
[INFO]    âœ” Compile modules
[INFO]    â¯ Build modules (33%)
[INFO]      â†’ 36 of 50 modules :: node_modules/core-js/internals/call-with-safe-iterati
[INFO] on-closing.js ~ external
[INFO] [GWebpack: Starting ...
[INFO] 
[INFO]    âœ” Compile modules
[INFO]    â¯ Build modules (33%)
[INFO]      â†’ 37 of 50 modules :: node_modules/core-js/internals/call-with-safe-iterati
[INFO] on-closing.js ~ external
[INFO] [GWebpack: Starting ...
[INFO] 
[INFO]    âœ” Compile modules
[INFO]    â¯ Build modules (33%)
[INFO]      â†’ 38 of 50 modules :: node_modules/core-js/internals/call-with-safe-iterati
[INFO] on-closing.js ~ external
[INFO] [GWebpack: Starting ...
[INFO] 
[INFO]    âœ” Compile modules
[INFO]    â¯ Build modules (33%)
[INFO]      â†’ 39 of 50 modules :: node_modules/core-js/internals/call-with-safe-iterati
[INFO] on-closing.js ~ external
[INFO] [GWebpack: Starting ...
[INFO] 
[INFO]    âœ” Compile modules
[INFO]    â¯ Build modules (33%)
[INFO]      â†’ 40 of 50 modules :: node_modules/core-js/internals/call-with-safe-iterati
[INFO] on-closing.js ~ external
[INFO] [GWebpack: Starting ...
[INFO] 
[INFO]    âœ” Compile modules
[INFO]    â¯ Build modules (33%)
[INFO]      â†’ 41 of 50 modules :: node_modules/core-js/internals/call-with-safe-iterati
[INFO] on-closing.js ~ external
[INFO] [GWebpack: Starting ...
[INFO] 
[INFO]    âœ” Compile modules
[INFO]    â¯ Build modules (33%)
[INFO]      â†’ 42 of 50 modules :: node_modules/core-js/internals/call-with-safe-iterati
[INFO] on-closing.js ~ external
[INFO] [GWebpack: Starting ...
[INFO] 
[INFO]    âœ” Compile modules
[INFO]    â¯ Build modules (33%)
[INFO]      â†’ 43 of 50 modules :: node_modules/core-js/internals/call-with-safe-iterati
[INFO] on-closing.js ~ external
[INFO] [GWebpack: Starting ...
[INFO] 
[INFO]    âœ” Compile modules
[INFO]    â¯ Build modules (33%)
[INFO]      â†’ 44 of 50 modules :: node_modules/core-js/internals/call-with-safe-iterati
[INFO] on-closing.js ~ external
[INFO] [GWebpack: Starting ...
[INFO] 
[INFO]    âœ” Compile modules
[INFO]    â¯ Build modules (33%)
[INFO]      â†’ 45 of 50 modules :: node_modules/core-js/internals/call-with-safe-iterati
[INFO] on-closing.js ~ external
[INFO] [GWebpack: Starting ...
[INFO] 
[INFO]    âœ” Compile modules
[INFO]    â¯ Build modules (33%)
[INFO]      â†’ 46 of 50 modules :: node_modules/core-js/internals/call-with-safe-iterati
[INFO] on-closing.js ~ external
[INFO] [GWebpack: Starting ...
[INFO] 
[INFO]    âœ” Compile modules
[INFO]    â¯ Build modules (33%)
[INFO]      â†’ 47 of 50 modules :: 
[INFO] node_modules/@angular/platform-browser-dynamic/fesm2015/platform-browser-dynamic
[INFO] .js ~ external
[INFO] [GWebpack: Starting ...
[INFO] 
[INFO]    âœ” Compile modules
[INFO]    â¯ Build modules (33%)
[INFO]      â†’ 48 of 50 modules :: 
[INFO] node_modules/@angular/platform-browser-dynamic/fesm2015/platform-browser-dynamic
[INFO] .js ~ external
[INFO] [GWebpack: Starting ...
[INFO] 
[INFO]    âœ” Compile modules
[INFO]    â¯ Build modules (33%)
[INFO]      â†’ 49 of 50 modules :: src/main/webapp/app/blocks/config/prod.config.ts ~ in
[INFO] ternal
[INFO] [GWebpack: Starting ...
[INFO] 
[INFO]    âœ” Compile modules
[INFO]    â¯ Build modules (33%)
[INFO]      â†’ 50 of 50 modules :: 
[INFO] events.js:174
[INFO]       throw er; // Unhandled 'error' event
[INFO]       ^
[INFO] 
[INFO] Error: This socket has been ended by the other party
[INFO]     at Socket.writeAfterFIN [as write] (net.js:395:12)
[INFO]     at PoolWorker.writeEnd (/workspace/source/node_modules/thread-loader/dist/WorkerPool.js:129:20)
[INFO]     at PoolWorker.dispose (/workspace/source/node_modules/thread-loader/dist/WorkerPool.js:273:12)
[INFO]     at WorkerPool.disposeWorkers (/workspace/source/node_modules/thread-loader/dist/WorkerPool.js:370:16)
[INFO]     at WorkerPool.terminate (/workspace/source/node_modules/thread-loader/dist/WorkerPool.js:305:10)
[INFO]     at WorkerPool.disposeWorkers (/workspace/source/node_modules/thread-loader/dist/WorkerPool.js:364:12)
[INFO]     at Timeout.timeout.setTimeout [as _onTimeout] (/workspace/source/node_modules/thread-loader/dist/WorkerPool.js:358:44)
[INFO]     at ontimeout (timers.js:436:11)
[INFO]     at tryOnTimeout (timers.js:300:5)
[INFO]     at listOnTimeout (timers.js:263:5)
[INFO]     at Timer.processTimers (timers.js:223:10)
[INFO] Emitted 'error' event at:
[INFO]     at Socket.writeAfterFIN [as write] (net.js:398:8)
[INFO]     at PoolWorker.writeEnd (/workspace/source/node_modules/thread-loader/dist/WorkerPool.js:129:20)
[INFO]     [... lines matching original stack trace ...]
[INFO]     at Timer.processTimers (timers.js:223:10)
[INFO] npm ERR! code ELIFECYCLE
[INFO] npm ERR! errno 1
[INFO] npm ERR! myhipster@0.0.1-SNAPSHOT webpack: `node --max_old_space_size=4096 node_modules/webpack/bin/webpack.js "--config" "webpack/webpack.dev.js" "--env.stats=minimal"`
[INFO] npm ERR! Exit status 1
[INFO] npm ERR! 
[INFO] npm ERR! Failed at the myhipster@0.0.1-SNAPSHOT webpack script.
[INFO] npm ERR! This is probably not a problem with npm. There is likely additional logging output above.
[INFO] 
[INFO] npm ERR! A complete log of this run can be found in:
[INFO] npm ERR!     /builder/home/.npm/_logs/2019-11-12T19_43_42_070Z-debug.log
[INFO] npm ERR! code ELIFECYCLE
[INFO] npm ERR! errno 1
[INFO] npm ERR! myhipster@0.0.1-SNAPSHOT webpack:build:main: `npm run webpack -- --config webpack/webpack.dev.js --env.stats=minimal`
[INFO] npm ERR! Exit status 1
[INFO] npm ERR! 
[INFO] npm ERR! Failed at the myhipster@0.0.1-SNAPSHOT webpack:build:main script.
[INFO] npm ERR! This is probably not a problem with npm. There is likely additional logging output above.
[INFO] 
[INFO] npm ERR! A complete log of this run can be found in:
[INFO] npm ERR!     /builder/home/.npm/_logs/2019-11-12T19_43_42_113Z-debug.log
[INFO] npm ERR! code ELIFECYCLE
[INFO] npm ERR! errno 1
[INFO] npm ERR! myhipster@0.0.1-SNAPSHOT webpack:build: `npm run cleanup && npm run webpack:build:main`
[INFO] npm ERR! Exit status 1
[INFO] npm ERR! 
[INFO] npm ERR! Failed at the myhipster@0.0.1-SNAPSHOT webpack:build script.
[INFO] npm ERR! This is probably not a problem with npm. There is likely additional logging output above.
[INFO] 
[INFO] npm ERR! A complete log of this run can be found in:
[INFO] npm ERR!     /builder/home/.npm/_logs/2019-11-12T19_43_42_141Z-debug.log
[INFO] ------------------------------------------------------------------------
[INFO] BUILD FAILURE
[INFO] ------------------------------------------------------------------------
[INFO] Total time:  04:56 min
[INFO] Finished at: 2019-11-12T19:43:42Z
[INFO] ------------------------------------------------------------------------
[ERROR] Failed to execute goal com.github.eirslett:frontend-maven-plugin:1.8.0:npm (webpack build dev) on project myhipster: Failed to run task: 'npm run webpack:build' failed. org.apache.commons.exec.ExecuteException: Process exited with an error: 1 (Exit value: 1) -> [Help 1]
[ERROR] 
[ERROR] To see the full stack trace of the errors, re-run Maven with the -e switch.
[ERROR] Re-run Maven using the -X switch to enable full debug logging.
[ERROR] 
[ERROR] For more information about the errors and possible solutions, please read the following articles:
[ERROR] [Help 1] http://cwiki.apache.org/confluence/display/MAVEN/MojoFailureException
[31m
Pipeline failed on stage 'from-build-pack' : container 'step-build-mvn-deploy'. The execution of the pipeline has stopped.[0m
